RUN	computerdatabase.BasicSimulation	basicsimulation	1617301167051	 	3.5.1
USER	Scenario Name	START	1617301168602
USER	Scenario Name	START	1617301168595
USER	Scenario Name	START	1617301168600
USER	Scenario Name	START	1617301168595
USER	Scenario Name	START	1617301168603
USER	Scenario Name	START	1617301168633
USER	Scenario Name	START	1617301168596
USER	Scenario Name	START	1617301168595
USER	Scenario Name	START	1617301168634
USER	Scenario Name	START	1617301168602
USER	Scenario Name	START	1617301168634
USER	Scenario Name	START	1617301168602
USER	Scenario Name	START	1617301168595
USER	Scenario Name	START	1617301168595
USER	Scenario Name	START	1617301168595
USER	Scenario Name	START	1617301168603
USER	Scenario Name	START	1617301168636
USER	Scenario Name	START	1617301168595
USER	Scenario Name	START	1617301168636
USER	Scenario Name	START	1617301168602
USER	Scenario Name	START	1617301168637
USER	Scenario Name	START	1617301168637
USER	Scenario Name	START	1617301168637
USER	Scenario Name	START	1617301168637
USER	Scenario Name	START	1617301168638
USER	Scenario Name	START	1617301168638
USER	Scenario Name	START	1617301168638
USER	Scenario Name	START	1617301168635
USER	Scenario Name	START	1617301168638
USER	Scenario Name	START	1617301168638
USER	Scenario Name	START	1617301168639
USER	Scenario Name	START	1617301168639
USER	Scenario Name	START	1617301168635
USER	Scenario Name	START	1617301168635
USER	Scenario Name	START	1617301168640
USER	Scenario Name	START	1617301168640
USER	Scenario Name	START	1617301168640
USER	Scenario Name	START	1617301168640
USER	Scenario Name	START	1617301168640
USER	Scenario Name	START	1617301168640
USER	Scenario Name	START	1617301168640
USER	Scenario Name	START	1617301168640
USER	Scenario Name	START	1617301168640
USER	Scenario Name	START	1617301168641
USER	Scenario Name	START	1617301168641
USER	Scenario Name	START	1617301168641
USER	Scenario Name	START	1617301168641
USER	Scenario Name	START	1617301168642
USER	Scenario Name	START	1617301168642
USER	Scenario Name	START	1617301168642
USER	Scenario Name	START	1617301168642
USER	Scenario Name	START	1617301168643
USER	Scenario Name	START	1617301168640
USER	Scenario Name	START	1617301168643
USER	Scenario Name	START	1617301168643
USER	Scenario Name	START	1617301168643
USER	Scenario Name	START	1617301168644
USER	Scenario Name	START	1617301168641
USER	Scenario Name	START	1617301168644
USER	Scenario Name	START	1617301168644
USER	Scenario Name	START	1617301168644
USER	Scenario Name	START	1617301168644
USER	Scenario Name	START	1617301168645
USER	Scenario Name	START	1617301168645
USER	Scenario Name	START	1617301168645
USER	Scenario Name	START	1617301168639
USER	Scenario Name	START	1617301168644
USER	Scenario Name	START	1617301168634
USER	Scenario Name	START	1617301168645
USER	Scenario Name	START	1617301168646
USER	Scenario Name	START	1617301168646
USER	Scenario Name	START	1617301168596
USER	Scenario Name	START	1617301168646
USER	Scenario Name	START	1617301168646
USER	Scenario Name	START	1617301168646
USER	Scenario Name	START	1617301168646
USER	Scenario Name	START	1617301168646
USER	Scenario Name	START	1617301168647
USER	Scenario Name	START	1617301168647
USER	Scenario Name	START	1617301168647
USER	Scenario Name	START	1617301168647
USER	Scenario Name	START	1617301168647
USER	Scenario Name	START	1617301168647
USER	Scenario Name	START	1617301168647
USER	Scenario Name	START	1617301168647
USER	Scenario Name	START	1617301168647
USER	Scenario Name	START	1617301168648
USER	Scenario Name	START	1617301168648
USER	Scenario Name	START	1617301168645
USER	Scenario Name	START	1617301168634
USER	Scenario Name	START	1617301168648
USER	Scenario Name	START	1617301168636
USER	Scenario Name	START	1617301168648
USER	Scenario Name	START	1617301168649
USER	Scenario Name	START	1617301168640
USER	Scenario Name	START	1617301168648
USER	Scenario Name	START	1617301168651
USER	Scenario Name	START	1617301168639
USER	Scenario Name	START	1617301168634
USER	Scenario Name	START	1617301168649
USER	Scenario Name	START	1617301168636
USER	Scenario Name	START	1617301168649
USER	Scenario Name	START	1617301168648
USER	Scenario Name	START	1617301168649
USER	Scenario Name	START	1617301168638
USER	Scenario Name	START	1617301168677
USER	Scenario Name	START	1617301168678
USER	Scenario Name	START	1617301168678
USER	Scenario Name	START	1617301168678
USER	Scenario Name	START	1617301168678
USER	Scenario Name	START	1617301168678
USER	Scenario Name	START	1617301168678
USER	Scenario Name	START	1617301168678
USER	Scenario Name	START	1617301168678
USER	Scenario Name	START	1617301168678
USER	Scenario Name	START	1617301168679
USER	Scenario Name	START	1617301168679
USER	Scenario Name	START	1617301168679
USER	Scenario Name	START	1617301168679
USER	Scenario Name	START	1617301168645
USER	Scenario Name	START	1617301168680
USER	Scenario Name	START	1617301168677
USER	Scenario Name	START	1617301168677
USER	Scenario Name	START	1617301168681
USER	Scenario Name	START	1617301168681
USER	Scenario Name	START	1617301168681
USER	Scenario Name	START	1617301168681
USER	Scenario Name	START	1617301168649
USER	Scenario Name	START	1617301168682
USER	Scenario Name	START	1617301168680
USER	Scenario Name	START	1617301168682
USER	Scenario Name	START	1617301168679
USER	Scenario Name	START	1617301168683
USER	Scenario Name	START	1617301168682
USER	Scenario Name	START	1617301168683
USER	Scenario Name	START	1617301168684
USER	Scenario Name	START	1617301168683
USER	Scenario Name	START	1617301168680
USER	Scenario Name	START	1617301168677
USER	Scenario Name	START	1617301168684
USER	Scenario Name	START	1617301168684
USER	Scenario Name	START	1617301168685
USER	Scenario Name	START	1617301168685
USER	Scenario Name	START	1617301168685
USER	Scenario Name	START	1617301168685
USER	Scenario Name	START	1617301168686
USER	Scenario Name	START	1617301168686
USER	Scenario Name	START	1617301168686
USER	Scenario Name	START	1617301168686
USER	Scenario Name	START	1617301168687
USER	Scenario Name	START	1617301168687
USER	Scenario Name	START	1617301168687
USER	Scenario Name	START	1617301168687
USER	Scenario Name	START	1617301168688
USER	Scenario Name	START	1617301168688
USER	Scenario Name	START	1617301168685
USER	Scenario Name	START	1617301168683
USER	Scenario Name	START	1617301168688
USER	Scenario Name	START	1617301168689
USER	Scenario Name	START	1617301168689
USER	Scenario Name	START	1617301168689
USER	Scenario Name	START	1617301168683
USER	Scenario Name	START	1617301168682
USER	Scenario Name	START	1617301168690
USER	Scenario Name	START	1617301168690
USER	Scenario Name	START	1617301168690
USER	Scenario Name	START	1617301168690
USER	Scenario Name	START	1617301168691
USER	Scenario Name	START	1617301168691
USER	Scenario Name	START	1617301168692
USER	Scenario Name	START	1617301168693
USER	Scenario Name	START	1617301168677
USER	Scenario Name	START	1617301168677
USER	Scenario Name	START	1617301168677
USER	Scenario Name	START	1617301168677
USER	Scenario Name	START	1617301168694
USER	Scenario Name	START	1617301168694
USER	Scenario Name	START	1617301168694
USER	Scenario Name	START	1617301168694
USER	Scenario Name	START	1617301168694
USER	Scenario Name	START	1617301168695
USER	Scenario Name	START	1617301168695
USER	Scenario Name	START	1617301168695
USER	Scenario Name	START	1617301168695
USER	Scenario Name	START	1617301168696
USER	Scenario Name	START	1617301168696
USER	Scenario Name	START	1617301168696
USER	Scenario Name	START	1617301168697
USER	Scenario Name	START	1617301168697
USER	Scenario Name	START	1617301168697
USER	Scenario Name	START	1617301168698
USER	Scenario Name	START	1617301168698
USER	Scenario Name	START	1617301168698
USER	Scenario Name	START	1617301168699
USER	Scenario Name	START	1617301168700
USER	Scenario Name	START	1617301168701
USER	Scenario Name	START	1617301168702
USER	Scenario Name	START	1617301168704
USER	Scenario Name	START	1617301168705
USER	Scenario Name	START	1617301168724
REQUEST		login	1617301168643	1617301168876	OK	 
REQUEST		login	1617301168642	1617301168936	OK	 
REQUEST		login	1617301168641	1617301168942	OK	 
REQUEST		login	1617301168641	1617301168944	OK	 
REQUEST		login	1617301168640	1617301168968	OK	 
REQUEST		login	1617301168643	1617301168969	OK	 
REQUEST		login	1617301168628	1617301168970	OK	 
REQUEST		login	1617301168638	1617301168972	OK	 
REQUEST		login	1617301168633	1617301168973	OK	 
REQUEST		login	1617301168640	1617301168974	OK	 
REQUEST		login	1617301168634	1617301168976	OK	 
REQUEST		login	1617301168642	1617301168980	OK	 
REQUEST		login	1617301168644	1617301168988	OK	 
REQUEST		login	1617301168633	1617301168988	OK	 
REQUEST		login	1617301168645	1617301168991	OK	 
REQUEST		login	1617301168646	1617301168999	OK	 
REQUEST		login	1617301168639	1617301169000	OK	 
REQUEST		login	1617301168648	1617301169016	OK	 
REQUEST		login	1617301168642	1617301169016	OK	 
REQUEST		login	1617301168646	1617301169016	OK	 
REQUEST		login	1617301168645	1617301169020	OK	 
REQUEST		login	1617301168695	1617301169027	OK	 
REQUEST		login	1617301168633	1617301169032	OK	 
REQUEST		login	1617301168643	1617301169038	OK	 
REQUEST		login	1617301168647	1617301169055	OK	 
REQUEST		login	1617301168645	1617301169059	OK	 
REQUEST		login	1617301168635	1617301169059	OK	 
REQUEST		login	1617301168680	1617301169063	OK	 
REQUEST		login	1617301168643	1617301169063	OK	 
REQUEST		login	1617301168648	1617301169085	OK	 
REQUEST		login	1617301168696	1617301169099	OK	 
REQUEST		login	1617301168637	1617301169101	OK	 
REQUEST		login	1617301168628	1617301169103	OK	 
REQUEST		login	1617301168639	1617301169105	OK	 
REQUEST		login	1617301168632	1617301169105	OK	 
REQUEST		login	1617301168681	1617301169112	OK	 
REQUEST		login	1617301168648	1617301169114	OK	 
REQUEST		login	1617301168685	1617301169115	OK	 
REQUEST		login	1617301168649	1617301169119	OK	 
REQUEST		login	1617301168637	1617301169124	OK	 
REQUEST		login	1617301168648	1617301169130	OK	 
REQUEST		login	1617301168648	1617301169146	OK	 
REQUEST		login	1617301168696	1617301169151	OK	 
REQUEST		login	1617301168638	1617301169153	OK	 
REQUEST		login	1617301168690	1617301169153	OK	 
REQUEST		login	1617301168637	1617301169157	OK	 
REQUEST		login	1617301168703	1617301169160	OK	 
REQUEST		login	1617301168681	1617301169167	OK	 
REQUEST		login	1617301168678	1617301169168	OK	 
REQUEST		login	1617301168646	1617301169172	OK	 
REQUEST		login	1617301168640	1617301169172	OK	 
REQUEST		login	1617301168694	1617301169172	OK	 
REQUEST		login	1617301168644	1617301169175	OK	 
REQUEST		login	1617301168690	1617301169176	OK	 
REQUEST		login	1617301168689	1617301169176	OK	 
REQUEST		login	1617301168627	1617301169197	OK	 
REQUEST		login	1617301168694	1617301169197	OK	 
REQUEST		login	1617301168637	1617301169201	OK	 
REQUEST		login	1617301168641	1617301169204	OK	 
REQUEST		login	1617301168638	1617301169209	OK	 
REQUEST		login	1617301168646	1617301169211	OK	 
REQUEST		login	1617301168700	1617301169216	OK	 
REQUEST		login	1617301168686	1617301169216	OK	 
REQUEST		login	1617301168685	1617301169221	OK	 
REQUEST		login	1617301168628	1617301169232	OK	 
REQUEST		login	1617301168646	1617301169233	OK	 
REQUEST		login	1617301168649	1617301169235	OK	 
REQUEST		login	1617301168679	1617301169237	OK	 
REQUEST		login	1617301168680	1617301169241	OK	 
REQUEST		login	1617301168645	1617301169252	OK	 
REQUEST		login	1617301168682	1617301169258	OK	 
REQUEST		login	1617301168637	1617301169260	OK	 
REQUEST		login	1617301168638	1617301169277	OK	 
REQUEST		login	1617301168678	1617301169277	OK	 
REQUEST		login	1617301168679	1617301169278	OK	 
REQUEST		login	1617301168639	1617301169280	OK	 
REQUEST		login	1617301168682	1617301169289	OK	 
REQUEST		login	1617301168686	1617301169291	OK	 
REQUEST		login	1617301168679	1617301169293	OK	 
REQUEST		login	1617301168694	1617301169312	OK	 
REQUEST		login	1617301168689	1617301169313	OK	 
REQUEST		login	1617301168680	1617301169313	OK	 
REQUEST		login	1617301168682	1617301169313	OK	 
REQUEST		login	1617301168687	1617301169315	OK	 
REQUEST		login	1617301168696	1617301169315	OK	 
REQUEST		login	1617301168682	1617301169317	OK	 
REQUEST		login	1617301168695	1617301169335	OK	 
REQUEST		login	1617301168684	1617301169338	OK	 
REQUEST		login	1617301168682	1617301169339	OK	 
REQUEST		login	1617301168694	1617301169372	OK	 
REQUEST		login	1617301168684	1617301169374	OK	 
REQUEST		login	1617301168646	1617301169384	OK	 
REQUEST		login	1617301168699	1617301169383	OK	 
REQUEST		login	1617301168699	1617301169384	OK	 
REQUEST		login	1617301168687	1617301169387	OK	 
REQUEST		login	1617301168690	1617301169402	OK	 
REQUEST		login	1617301168698	1617301169421	OK	 
REQUEST		login	1617301168695	1617301169423	OK	 
REQUEST		login	1617301168681	1617301169426	OK	 
REQUEST		login	1617301168639	1617301169426	OK	 
REQUEST		login	1617301168684	1617301169431	OK	 
REQUEST		login	1617301168650	1617301169431	OK	 
REQUEST		login	1617301168896	1617301169434	OK	 
REQUEST		login	1617301168705	1617301169446	OK	 
REQUEST		login	1617301168691	1617301169449	OK	 
REQUEST		login	1617301168635	1617301169452	OK	 
REQUEST		login	1617301168973	1617301169483	OK	 
REQUEST		login	1617301168969	1617301169487	OK	 
REQUEST		login	1617301168970	1617301169489	OK	 
REQUEST		login	1617301168974	1617301169494	OK	 
REQUEST		login	1617301168678	1617301169495	OK	 
REQUEST		login	1617301168977	1617301169500	OK	 
REQUEST		login	1617301168651	1617301169502	OK	 
REQUEST		login	1617301168971	1617301169509	OK	 
REQUEST		login	1617301168695	1617301169540	OK	 
REQUEST		login	1617301168642	1617301169540	OK	 
REQUEST		login	1617301168647	1617301169555	OK	 
REQUEST		login	1617301168680	1617301169572	OK	 
REQUEST		login	1617301168641	1617301169580	OK	 
REQUEST		login	1617301168648	1617301169584	OK	 
REQUEST		login	1617301168647	1617301169594	OK	 
REQUEST		login	1617301168642	1617301169599	OK	 
REQUEST		login	1617301168638	1617301169606	OK	 
REQUEST		login	1617301168647	1617301169605	OK	 
REQUEST		login	1617301168679	1617301169634	OK	 
REQUEST		login	1617301168644	1617301169634	OK	 
REQUEST		login	1617301168632	1617301169639	OK	 
REQUEST		login	1617301168649	1617301169640	OK	 
REQUEST		login	1617301168651	1617301169643	OK	 
REQUEST		login	1617301168645	1617301169645	OK	 
REQUEST		login	1617301168687	1617301169646	OK	 
REQUEST		login	1617301168633	1617301169653	OK	 
REQUEST		login	1617301168640	1617301169655	OK	 
REQUEST		login	1617301168648	1617301169675	OK	 
REQUEST		login	1617301168647	1617301169688	OK	 
REQUEST		login	1617301168647	1617301169690	OK	 
REQUEST		login	1617301168647	1617301169690	OK	 
REQUEST		login	1617301168679	1617301169704	OK	 
REQUEST		login	1617301168689	1617301169704	OK	 
REQUEST		login	1617301168689	1617301169705	OK	 
REQUEST		login	1617301168694	1617301169717	OK	 
REQUEST		login	1617301168642	1617301169720	OK	 
REQUEST		login	1617301168649	1617301169723	OK	 
REQUEST		login	1617301168683	1617301169723	OK	 
REQUEST		login	1617301168650	1617301169728	OK	 
REQUEST		login	1617301168694	1617301169748	OK	 
REQUEST		login	1617301168704	1617301169749	OK	 
REQUEST		login	1617301168944	1617301169761	OK	 
REQUEST		login	1617301168686	1617301169761	OK	 
REQUEST		login	1617301168943	1617301169767	OK	 
REQUEST		login	1617301168683	1617301169769	OK	 
REQUEST		login	1617301168694	1617301169770	OK	 
REQUEST		login	1617301168649	1617301169772	OK	 
REQUEST		login	1617301168694	1617301169772	OK	 
REQUEST		login	1617301168697	1617301169772	OK	 
REQUEST		login	1617301168678	1617301169776	OK	 
REQUEST		login	1617301168981	1617301169792	OK	 
REQUEST		login	1617301168698	1617301169800	OK	 
REQUEST		login	1617301168693	1617301169800	OK	 
REQUEST		login	1617301168688	1617301169804	OK	 
REQUEST		login	1617301168687	1617301169804	OK	 
REQUEST		login	1617301168643	1617301169804	OK	 
REQUEST		login	1617301168636	1617301169805	OK	 
REQUEST		login	1617301168636	1617301169808	OK	 
REQUEST		login	1617301168680	1617301169825	OK	 
REQUEST		login	1617301168645	1617301169829	OK	 
REQUEST		login	1617301168694	1617301169833	OK	 
REQUEST		login	1617301168634	1617301169851	OK	 
REQUEST		login	1617301168642	1617301169853	OK	 
REQUEST		login	1617301168628	1617301169858	OK	 
REQUEST		login	1617301168644	1617301169860	OK	 
REQUEST		login	1617301168634	1617301169884	OK	 
REQUEST		login	1617301168685	1617301169885	OK	 
REQUEST		login	1617301168634	1617301169891	OK	 
REQUEST		login	1617301168681	1617301169891	OK	 
REQUEST		login	1617301168647	1617301169906	OK	 
REQUEST		login	1617301168634	1617301169907	OK	 
REQUEST		login	1617301168628	1617301169920	OK	 
REQUEST		login	1617301168688	1617301169922	OK	 
REQUEST		login	1617301168635	1617301169922	OK	 
REQUEST		login	1617301168691	1617301169923	OK	 
REQUEST		login	1617301168697	1617301169927	OK	 
REQUEST		login	1617301168641	1617301169939	OK	 
REQUEST		login	1617301168678	1617301169985	OK	 
REQUEST		login	1617301168630	1617301169990	OK	 
REQUEST		login	1617301168685	1617301169992	OK	 
REQUEST		login	1617301168648	1617301169994	OK	 
REQUEST		login	1617301168689	1617301169995	OK	 
REQUEST		login	1617301168640	1617301169999	OK	 
REQUEST		login	1617301168633	1617301170002	OK	 
REQUEST		login	1617301168937	1617301170002	OK	 
REQUEST		login	1617301168681	1617301170004	OK	 
REQUEST		login	1617301168686	1617301170004	OK	 
REQUEST		login	1617301168647	1617301170007	OK	 
REQUEST		login	1617301168686	1617301170007	OK	 
REQUEST		login	1617301168690	1617301170023	OK	 
REQUEST		login	1617301168647	1617301170026	OK	 
REQUEST		login	1617301168684	1617301170028	OK	 
REQUEST		login	1617301168686	1617301170043	OK	 
REQUEST		login	1617301168684	1617301170051	OK	 
REQUEST		login	1617301168688	1617301170052	OK	 
REQUEST		login	1617301168689	1617301170067	OK	 
REQUEST		login	1617301168989	1617301170079	OK	 
REQUEST		login	1617301168992	1617301170081	OK	 
REQUEST		login	1617301168643	1617301170081	OK	 
REQUEST		login	1617301168685	1617301170081	OK	 
REQUEST		login	1617301168645	1617301170086	OK	 
REQUEST		login	1617301168975	1617301170092	OK	 
REQUEST		login	1617301168725	1617301170094	OK	 
REQUEST		login	1617301168639	1617301170096	OK	 
REQUEST		login	1617301168692	1617301170097	OK	 
REQUEST		login	1617301168698	1617301170098	OK	 
REQUEST		login	1617301168701	1617301170101	OK	 
REQUEST		login	1617301168635	1617301170101	OK	 
REQUEST		login	1617301169018	1617301170120	OK	 
REQUEST		login	1617301169022	1617301170122	OK	 
REQUEST		login	1617301169002	1617301170122	OK	 
REQUEST		login	1617301169000	1617301170135	OK	 
REQUEST		login	1617301169061	1617301170138	OK	 
REQUEST		login	1617301168989	1617301170145	OK	 
REQUEST		login	1617301169039	1617301170147	OK	 
REQUEST		login	1617301169029	1617301170147	OK	 
REQUEST		login	1617301169018	1617301170149	OK	 
REQUEST		login	1617301169061	1617301170149	OK	 
REQUEST		login	1617301169065	1617301170167	OK	 
REQUEST		login	1617301169018	1617301170169	OK	 
REQUEST		login	1617301169117	1617301170169	OK	 
REQUEST		login	1617301169034	1617301170169	OK	 
REQUEST		login	1617301169107	1617301170172	OK	 
REQUEST		login	1617301169105	1617301170178	OK	 
REQUEST		login	1617301169057	1617301170186	OK	 
REQUEST		login	1617301169065	1617301170186	OK	 
REQUEST		login	1617301169087	1617301170191	OK	 
REQUEST		login	1617301169101	1617301170194	OK	 
REQUEST		login	1617301169114	1617301170195	OK	 
REQUEST		login	1617301169126	1617301170206	OK	 
REQUEST		login	1617301169103	1617301170206	OK	 
REQUEST		login	1617301169107	1617301170207	OK	 
REQUEST		login	1617301169148	1617301170217	OK	 
REQUEST		login	1617301169121	1617301170219	OK	 
REQUEST		login	1617301169132	1617301170219	OK	 
REQUEST		login	1617301169155	1617301170219	OK	 
REQUEST		login	1617301169153	1617301170227	OK	 
REQUEST		login	1617301169116	1617301170227	OK	 
REQUEST		login	1617301169155	1617301170242	OK	 
REQUEST		login	1617301169169	1617301170242	OK	 
REQUEST		login	1617301169178	1617301170244	OK	 
REQUEST		login	1617301169163	1617301170248	OK	 
REQUEST		login	1617301169170	1617301170248	OK	 
REQUEST		login	1617301169159	1617301170251	OK	 
REQUEST		login	1617301169174	1617301170253	OK	 
REQUEST		login	1617301169174	1617301170254	OK	 
REQUEST		login	1617301169199	1617301170261	OK	 
REQUEST		login	1617301169174	1617301170265	OK	 
REQUEST		login	1617301169203	1617301170270	OK	 
REQUEST		login	1617301169178	1617301170273	OK	 
REQUEST		login	1617301169211	1617301170273	OK	 
REQUEST		login	1617301169206	1617301170283	OK	 
REQUEST		login	1617301169254	1617301170295	OK	 
REQUEST		login	1617301169261	1617301170300	OK	 
REQUEST		login	1617301169199	1617301170303	OK	 
REQUEST		login	1617301169240	1617301170312	OK	 
REQUEST		login	1617301169223	1617301170321	OK	 
REQUEST		login	1617301169278	1617301170321	OK	 
REQUEST		login	1617301169237	1617301170321	OK	 
REQUEST		login	1617301169236	1617301170323	OK	 
REQUEST		login	1617301169218	1617301170323	OK	 
REQUEST		login	1617301169234	1617301170323	OK	 
REQUEST		login	1617301169243	1617301170325	OK	 
REQUEST		login	1617301169178	1617301170325	OK	 
REQUEST		login	1617301169218	1617301170331	OK	 
REQUEST		login	1617301169314	1617301170357	OK	 
REQUEST		login	1617301169279	1617301170358	OK	 
REQUEST		login	1617301169315	1617301170365	OK	 
REQUEST		login	1617301169314	1617301170365	OK	 
REQUEST		login	1617301169318	1617301170365	OK	 
REQUEST		login	1617301169313	1617301170366	OK	 
REQUEST		login	1617301169282	1617301170371	OK	 
REQUEST		login	1617301169296	1617301170373	OK	 
REQUEST		login	1617301169316	1617301170373	OK	 
REQUEST		login	1617301169294	1617301170373	OK	 
REQUEST		login	1617301169291	1617301170375	OK	 
REQUEST		login	1617301169316	1617301170376	OK	 
REQUEST		login	1617301169213	1617301170376	OK	 
REQUEST		login	1617301169339	1617301170393	OK	 
REQUEST		login	1617301169386	1617301170395	OK	 
REQUEST		login	1617301169262	1617301170403	OK	 
REQUEST		login	1617301169423	1617301170406	OK	 
REQUEST		login	1617301169280	1617301170406	OK	 
REQUEST		login	1617301169405	1617301170414	OK	 
REQUEST		login	1617301169336	1617301170424	OK	 
REQUEST		login	1617301169389	1617301170424	OK	 
REQUEST		login	1617301169374	1617301170429	OK	 
REQUEST		login	1617301169376	1617301170429	OK	 
REQUEST		login	1617301169339	1617301170430	OK	 
REQUEST		login	1617301169428	1617301170432	OK	 
REQUEST		login	1617301169425	1617301170434	OK	 
REQUEST		login	1617301169386	1617301170434	OK	 
REQUEST		login	1617301169386	1617301170437	OK	 
REQUEST		login	1617301169433	1617301170441	OK	 
REQUEST		login	1617301169433	1617301170447	OK	 
REQUEST		login	1617301169428	1617301170456	OK	 
REQUEST		login	1617301169454	1617301170459	OK	 
REQUEST		login	1617301169449	1617301170464	OK	 
REQUEST		login	1617301169451	1617301170466	OK	 
REQUEST		login	1617301169541	1617301170478	OK	 
REQUEST		login	1617301169491	1617301170484	OK	 
USER	Scenario Name	END	1617301170487
REQUEST		login	1617301169488	1617301170488	OK	 
USER	Scenario Name	END	1617301170489
REQUEST		login	1617301169436	1617301170491	OK	 
USER	Scenario Name	END	1617301170492
REQUEST		login	1617301169497	1617301170496	OK	 
REQUEST		login	1617301169503	1617301170498	OK	 
REQUEST		login	1617301169496	1617301170498	OK	 
REQUEST		login	1617301169486	1617301170498	OK	 
USER	Scenario Name	END	1617301170499
USER	Scenario Name	END	1617301170499
REQUEST		login	1617301169582	1617301170514	OK	 
REQUEST		login	1617301169557	1617301170518	OK	 
REQUEST		login	1617301169541	1617301170521	OK	 
REQUEST		login	1617301169502	1617301170523	OK	 
USER	Scenario Name	END	1617301170523
REQUEST		login	1617301169574	1617301170533	OK	 
REQUEST		login	1617301169608	1617301170559	OK	 
REQUEST		login	1617301169601	1617301170561	OK	 
REQUEST		login	1617301169596	1617301170561	OK	 
REQUEST		login	1617301169511	1617301170562	OK	 
USER	Scenario Name	END	1617301170563
REQUEST		login	1617301169608	1617301170584	OK	 
REQUEST		login	1617301169644	1617301170593	OK	 
REQUEST		login	1617301169647	1617301170632	OK	 
REQUEST		login	1617301169655	1617301170632	OK	 
REQUEST		login	1617301169641	1617301170634	OK	 
REQUEST		login	1617301169635	1617301170636	OK	 
REQUEST		login	1617301169706	1617301170649	OK	 
REQUEST		login	1617301169646	1617301170649	OK	 
REQUEST		login	1617301169635	1617301170651	OK	 
REQUEST		login	1617301169654	1617301170653	OK	 
REQUEST		login	1617301169586	1617301170655	OK	 
REQUEST		login	1617301169639	1617301170661	OK	 
REQUEST		login	1617301169675	1617301170669	OK	 
REQUEST		login	1617301169707	1617301170671	OK	 
REQUEST		login	1617301169691	1617301170674	OK	 
REQUEST		login	1617301169729	1617301170731	OK	 
REQUEST		login	1617301169691	1617301170738	OK	 
REQUEST		login	1617301169722	1617301170739	OK	 
REQUEST		login	1617301169718	1617301170745	OK	 
REQUEST		login	1617301169725	1617301170745	OK	 
REQUEST		login	1617301169689	1617301170746	OK	 
REQUEST		login	1617301169768	1617301170748	OK	 
REQUEST		login	1617301169762	1617301170748	OK	 
USER	Scenario Name	END	1617301170750
REQUEST		login	1617301169762	1617301170754	OK	 
REQUEST		login	1617301169749	1617301170754	OK	 
REQUEST		login	1617301169706	1617301170754	OK	 
USER	Scenario Name	END	1617301170756
REQUEST		login	1617301169750	1617301170758	OK	 
REQUEST		login	1617301169769	1617301170764	OK	 
REQUEST		login	1617301169725	1617301170768	OK	 
REQUEST		login	1617301169773	1617301170771	OK	 
REQUEST		login	1617301169771	1617301170780	OK	 
REQUEST		login	1617301169777	1617301170780	OK	 
REQUEST		login	1617301169773	1617301170780	OK	 
REQUEST		login	1617301169805	1617301170790	OK	 
REQUEST		login	1617301169801	1617301170790	OK	 
REQUEST		login	1617301169773	1617301170791	OK	 
REQUEST		login	1617301169805	1617301170793	OK	 
REQUEST		login	1617301169834	1617301170802	OK	 
REQUEST		login	1617301169806	1617301170809	OK	 
REQUEST		login	1617301169805	1617301170814	OK	 
REQUEST		login	1617301169830	1617301170815	OK	 
REQUEST		login	1617301169801	1617301170817	OK	 
REQUEST		login	1617301169893	1617301170824	OK	 
REQUEST		login	1617301169893	1617301170825	OK	 
REQUEST		login	1617301169886	1617301170837	OK	 
REQUEST		login	1617301169887	1617301170840	OK	 
REQUEST		login	1617301169909	1617301170855	OK	 
REQUEST		login	1617301169826	1617301170862	OK	 
REQUEST		login	1617301169860	1617301170863	OK	 
REQUEST		login	1617301169853	1617301170867	OK	 
REQUEST		login	1617301169855	1617301170867	OK	 
REQUEST		login	1617301169809	1617301170867	OK	 
REQUEST		login	1617301169862	1617301170869	OK	 
REQUEST		login	1617301169792	1617301170869	OK	 
USER	Scenario Name	END	1617301170869
REQUEST		login	1617301169925	1617301170870	OK	 
REQUEST		login	1617301169907	1617301170872	OK	 
REQUEST		login	1617301169923	1617301170884	OK	 
REQUEST		login	1617301169922	1617301170890	OK	 
REQUEST		login	1617301169987	1617301170892	OK	 
REQUEST		login	1617301169928	1617301170899	OK	 
REQUEST		login	1617301170004	1617301170900	OK	 
USER	Scenario Name	END	1617301170901
REQUEST		login	1617301169996	1617301170906	OK	 
REQUEST		login	1617301169923	1617301170906	OK	 
REQUEST		login	1617301169940	1617301170913	OK	 
REQUEST		login	1617301169996	1617301170922	OK	 
REQUEST		login	1617301170024	1617301170924	OK	 
REQUEST		login	1617301170002	1617301170930	OK	 
REQUEST		login	1617301170006	1617301170934	OK	 
REQUEST		login	1617301170006	1617301170943	OK	 
REQUEST		login	1617301170009	1617301170943	OK	 
REQUEST		login	1617301169993	1617301170944	OK	 
REQUEST		login	1617301169992	1617301170946	OK	 
REQUEST		login	1617301170027	1617301170946	OK	 
REQUEST		login	1617301170029	1617301170956	OK	 
REQUEST		login	1617301170009	1617301170957	OK	 
REQUEST		login	1617301170069	1617301170957	OK	 
REQUEST		login	1617301170044	1617301170959	OK	 
REQUEST		login	1617301170004	1617301170960	OK	 
REQUEST		login	1617301170053	1617301170965	OK	 
REQUEST		login	1617301170052	1617301170969	OK	 
REQUEST		login	1617301170083	1617301170983	OK	 
REQUEST		login	1617301170096	1617301170987	OK	 
REQUEST		login	1617301170098	1617301170989	OK	 
REQUEST		login	1617301170099	1617301170991	OK	 
REQUEST		login	1617301170081	1617301170997	OK	 
USER	Scenario Name	END	1617301170997
REQUEST		login	1617301170094	1617301171001	OK	 
USER	Scenario Name	END	1617301171003
REQUEST		login	1617301170088	1617301171011	OK	 
REQUEST		login	1617301170138	1617301171025	OK	 
REQUEST		login	1617301170136	1617301171026	OK	 
REQUEST		login	1617301170122	1617301171026	OK	 
USER	Scenario Name	END	1617301171027
USER	Scenario Name	END	1617301171027
USER	Scenario Name	END	1617301171027
REQUEST		login	1617301170083	1617301171032	OK	 
REQUEST		login	1617301170099	1617301171034	OK	 
REQUEST		login	1617301170102	1617301171034	OK	 
REQUEST		login	1617301170122	1617301171035	OK	 
REQUEST		login	1617301170146	1617301171035	OK	 
USER	Scenario Name	END	1617301171037
USER	Scenario Name	END	1617301171037
REQUEST		login	1617301170151	1617301171038	OK	 
REQUEST		login	1617301170083	1617301171038	OK	 
USER	Scenario Name	END	1617301171039
USER	Scenario Name	END	1617301171039
REQUEST		login	1617301170102	1617301171040	OK	 
REQUEST		login	1617301170121	1617301171045	OK	 
USER	Scenario Name	END	1617301171046
REQUEST		login	1617301170149	1617301171068	OK	 
USER	Scenario Name	END	1617301171069
REQUEST		login	1617301170148	1617301171072	OK	 
USER	Scenario Name	END	1617301171073
REQUEST		login	1617301170188	1617301171074	OK	 
REQUEST		login	1617301170151	1617301171074	OK	 
USER	Scenario Name	END	1617301171075
USER	Scenario Name	END	1617301171075
REQUEST		login	1617301170188	1617301171078	OK	 
REQUEST		login	1617301170171	1617301171078	OK	 
USER	Scenario Name	END	1617301171079
USER	Scenario Name	END	1617301171079
REQUEST		login	1617301170168	1617301171087	OK	 
USER	Scenario Name	END	1617301171089
REQUEST		login	1617301170192	1617301171089	OK	 
REQUEST		login	1617301170171	1617301171090	OK	 
USER	Scenario Name	END	1617301171091
USER	Scenario Name	END	1617301171092
REQUEST		login	1617301170197	1617301171092	OK	 
REQUEST		login	1617301170173	1617301171092	OK	 
REQUEST		login	1617301170195	1617301171092	OK	 
USER	Scenario Name	END	1617301171094
USER	Scenario Name	END	1617301171094
USER	Scenario Name	END	1617301171094
REQUEST		login	1617301170180	1617301171094	OK	 
REQUEST		login	1617301170207	1617301171096	OK	 
USER	Scenario Name	END	1617301171096
USER	Scenario Name	END	1617301171097
REQUEST		login	1617301170207	1617301171106	OK	 
USER	Scenario Name	END	1617301171107
REQUEST		login	1617301170221	1617301171113	OK	 
USER	Scenario Name	END	1617301171114
REQUEST		login	1617301170209	1617301171115	OK	 
REQUEST		login	1617301170171	1617301171115	OK	 
USER	Scenario Name	END	1617301171116
USER	Scenario Name	END	1617301171116
REQUEST		login	1617301170218	1617301171121	OK	 
USER	Scenario Name	END	1617301171121
REQUEST		login	1617301170229	1617301171128	OK	 
USER	Scenario Name	END	1617301171128
REQUEST		login	1617301170221	1617301171130	OK	 
USER	Scenario Name	END	1617301171130
REQUEST		login	1617301170256	1617301171135	OK	 
REQUEST		login	1617301170221	1617301171135	OK	 
USER	Scenario Name	END	1617301171137
USER	Scenario Name	END	1617301171137
REQUEST		login	1617301170250	1617301171147	OK	 
USER	Scenario Name	END	1617301171149
REQUEST		login	1617301170267	1617301171153	OK	 
USER	Scenario Name	END	1617301171154
REQUEST		login	1617301170229	1617301171166	OK	 
REQUEST		login	1617301170252	1617301171166	OK	 
USER	Scenario Name	END	1617301171168
USER	Scenario Name	END	1617301171168
REQUEST		login	1617301170254	1617301171168	OK	 
USER	Scenario Name	END	1617301171169
REQUEST		login	1617301170244	1617301171171	OK	 
REQUEST		login	1617301170304	1617301171171	OK	 
USER	Scenario Name	END	1617301171172
USER	Scenario Name	END	1617301171172
REQUEST		login	1617301170274	1617301171173	OK	 
USER	Scenario Name	END	1617301171174
REQUEST		login	1617301170250	1617301171175	OK	 
REQUEST		login	1617301170274	1617301171175	OK	 
USER	Scenario Name	END	1617301171176
USER	Scenario Name	END	1617301171176
REQUEST		login	1617301170244	1617301171176	OK	 
USER	Scenario Name	END	1617301171177
REQUEST		login	1617301170286	1617301171181	OK	 
REQUEST		login	1617301170271	1617301171181	OK	 
USER	Scenario Name	END	1617301171182
USER	Scenario Name	END	1617301171182
REQUEST		login	1617301170322	1617301171183	OK	 
REQUEST		login	1617301170301	1617301171183	OK	 
USER	Scenario Name	END	1617301171184
USER	Scenario Name	END	1617301171184
REQUEST		login	1617301170263	1617301171193	OK	 
USER	Scenario Name	END	1617301171193
REQUEST		login	1617301170297	1617301171196	OK	 
USER	Scenario Name	END	1617301171197
REQUEST		login	1617301170245	1617301171198	OK	 
USER	Scenario Name	END	1617301171199
REQUEST		login	1617301170322	1617301171208	OK	 
USER	Scenario Name	END	1617301171209
REQUEST		login	1617301170331	1617301171214	OK	 
USER	Scenario Name	END	1617301171215
REQUEST		login	1617301170325	1617301171219	OK	 
USER	Scenario Name	END	1617301171221
REQUEST		login	1617301170323	1617301171221	OK	 
USER	Scenario Name	END	1617301171222
REQUEST		login	1617301170366	1617301171224	OK	 
USER	Scenario Name	END	1617301171226
REQUEST		login	1617301170322	1617301171226	OK	 
USER	Scenario Name	END	1617301171228
REQUEST		login	1617301170366	1617301171229	OK	 
USER	Scenario Name	END	1617301171230
REQUEST		login	1617301170360	1617301171233	OK	 
REQUEST		login	1617301170359	1617301171233	OK	 
USER	Scenario Name	END	1617301171234
USER	Scenario Name	END	1617301171234
REQUEST		login	1617301170323	1617301171239	OK	 
USER	Scenario Name	END	1617301171240
REQUEST		login	1617301170323	1617301171244	OK	 
USER	Scenario Name	END	1617301171245
REQUEST		login	1617301170325	1617301171245	OK	 
USER	Scenario Name	END	1617301171246
REQUEST		login	1617301170313	1617301171252	OK	 
USER	Scenario Name	END	1617301171253
REQUEST		login	1617301170366	1617301171259	OK	 
USER	Scenario Name	END	1617301171260
REQUEST		login	1617301170368	1617301171262	OK	 
REQUEST		login	1617301170375	1617301171262	OK	 
USER	Scenario Name	END	1617301171263
USER	Scenario Name	END	1617301171263
REQUEST		login	1617301170375	1617301171289	OK	 
USER	Scenario Name	END	1617301171291
REQUEST		login	1617301170373	1617301171293	OK	 
USER	Scenario Name	END	1617301171295
REQUEST		login	1617301170430	1617301171296	OK	 
USER	Scenario Name	END	1617301171297
REQUEST		login	1617301170407	1617301171298	OK	 
USER	Scenario Name	END	1617301171299
REQUEST		login	1617301170375	1617301171299	OK	 
REQUEST		login	1617301170431	1617301171299	OK	 
USER	Scenario Name	END	1617301171301
USER	Scenario Name	END	1617301171301
REQUEST		login	1617301170394	1617301171305	OK	 
USER	Scenario Name	END	1617301171306
REQUEST		login	1617301170395	1617301171312	OK	 
REQUEST		login	1617301170378	1617301171312	OK	 
USER	Scenario Name	END	1617301171314
USER	Scenario Name	END	1617301171314
REQUEST		login	1617301170407	1617301171314	OK	 
REQUEST		login	1617301170425	1617301171314	OK	 
USER	Scenario Name	END	1617301171315
USER	Scenario Name	END	1617301171315
REQUEST		login	1617301170378	1617301171315	OK	 
REQUEST		login	1617301170377	1617301171316	OK	 
USER	Scenario Name	END	1617301171317
USER	Scenario Name	END	1617301171317
REQUEST		login	1617301170414	1617301171317	OK	 
USER	Scenario Name	END	1617301171319
REQUEST		login	1617301170403	1617301171319	OK	 
USER	Scenario Name	END	1617301171321
REQUEST		login	1617301170425	1617301171335	OK	 
USER	Scenario Name	END	1617301171336
REQUEST		login	1617301170433	1617301171342	OK	 
USER	Scenario Name	END	1617301171343
REQUEST		login	1617301170479	1617301171345	OK	 
USER	Scenario Name	END	1617301171346
REQUEST		login	1617301170435	1617301171347	OK	 
USER	Scenario Name	END	1617301171348
REQUEST		login	1617301170448	1617301171350	OK	 
USER	Scenario Name	END	1617301171351
REQUEST		login	1617301170437	1617301171379	OK	 
REQUEST		login	1617301170435	1617301171379	OK	 
USER	Scenario Name	END	1617301171380
USER	Scenario Name	END	1617301171380
REQUEST		login	1617301170441	1617301171382	OK	 
USER	Scenario Name	END	1617301171383
REQUEST		login	1617301170521	1617301171388	OK	 
USER	Scenario Name	END	1617301171389
REQUEST		login	1617301170497	1617301171396	OK	 
REQUEST		login	1617301170456	1617301171396	OK	 
REQUEST		login	1617301170464	1617301171396	OK	 
USER	Scenario Name	END	1617301171398
USER	Scenario Name	END	1617301171398
USER	Scenario Name	END	1617301171398
REQUEST		login	1617301170499	1617301171398	OK	 
REQUEST		login	1617301170460	1617301171398	OK	 
USER	Scenario Name	END	1617301171399
USER	Scenario Name	END	1617301171400
REQUEST		login	1617301170561	1617301171399	OK	 
USER	Scenario Name	END	1617301171401
REQUEST		login	1617301170515	1617301171401	OK	 
USER	Scenario Name	END	1617301171402
REQUEST		login	1617301170430	1617301171403	OK	 
USER	Scenario Name	END	1617301171405
REQUEST		login	1617301170467	1617301171405	OK	 
USER	Scenario Name	END	1617301171406
REQUEST		login	1617301170519	1617301171412	OK	 
USER	Scenario Name	END	1617301171414
REQUEST		login	1617301170533	1617301171414	OK	 
REQUEST		login	1617301170560	1617301171415	OK	 
USER	Scenario Name	END	1617301171416
USER	Scenario Name	END	1617301171416
REQUEST		login	1617301170638	1617301171423	OK	 
USER	Scenario Name	END	1617301171425
REQUEST		login	1617301170585	1617301171436	OK	 
USER	Scenario Name	END	1617301171438
REQUEST		login	1617301170634	1617301171438	OK	 
USER	Scenario Name	END	1617301171440
REQUEST		login	1617301170634	1617301171440	OK	 
USER	Scenario Name	END	1617301171442
REQUEST		login	1617301170561	1617301171445	OK	 
USER	Scenario Name	END	1617301171446
REQUEST		login	1617301170654	1617301171452	OK	 
USER	Scenario Name	END	1617301171453
REQUEST		login	1617301170657	1617301171457	OK	 
USER	Scenario Name	END	1617301171458
REQUEST		login	1617301170651	1617301171464	OK	 
USER	Scenario Name	END	1617301171465
REQUEST		login	1617301170662	1617301171468	OK	 
USER	Scenario Name	END	1617301171470
REQUEST		login	1617301170734	1617301171469	OK	 
USER	Scenario Name	END	1617301171471
REQUEST		login	1617301170739	1617301171473	OK	 
USER	Scenario Name	END	1617301171474
REQUEST		login	1617301170651	1617301171480	OK	 
USER	Scenario Name	END	1617301171482
REQUEST		login	1617301170740	1617301171483	OK	 
REQUEST		login	1617301170636	1617301171483	OK	 
USER	Scenario Name	END	1617301171485
USER	Scenario Name	END	1617301171485
REQUEST		login	1617301170672	1617301171502	OK	 
REQUEST		login	1617301170653	1617301171502	OK	 
USER	Scenario Name	END	1617301171503
USER	Scenario Name	END	1617301171503
REQUEST		login	1617301170670	1617301171507	OK	 
USER	Scenario Name	END	1617301171508
REQUEST		login	1617301170675	1617301171514	OK	 
USER	Scenario Name	END	1617301171515
REQUEST		login	1617301170594	1617301171517	OK	 
REQUEST		login	1617301170747	1617301171517	OK	 
USER	Scenario Name	END	1617301171518
USER	Scenario Name	END	1617301171518
REQUEST		login	1617301170756	1617301171521	OK	 
REQUEST		login	1617301170772	1617301171521	OK	 
USER	Scenario Name	END	1617301171522
USER	Scenario Name	END	1617301171522
REQUEST		login	1617301170749	1617301171530	OK	 
USER	Scenario Name	END	1617301171530
REQUEST		login	1617301170760	1617301171535	OK	 
USER	Scenario Name	END	1617301171536
REQUEST		login	1617301170765	1617301171537	OK	 
USER	Scenario Name	END	1617301171537
REQUEST		login	1617301170748	1617301171547	OK	 
USER	Scenario Name	END	1617301171548
REQUEST		login	1617301170780	1617301171555	OK	 
USER	Scenario Name	END	1617301171556
REQUEST		login	1617301170746	1617301171562	OK	 
REQUEST		login	1617301170769	1617301171562	OK	 
USER	Scenario Name	END	1617301171563
USER	Scenario Name	END	1617301171563
REQUEST		login	1617301170817	1617301171586	OK	 
USER	Scenario Name	END	1617301171587
REQUEST		login	1617301170838	1617301171591	OK	 
USER	Scenario Name	END	1617301171593
REQUEST		login	1617301170816	1617301171593	OK	 
USER	Scenario Name	END	1617301171594
REQUEST		login	1617301170825	1617301171598	OK	 
REQUEST		login	1617301170824	1617301171598	OK	 
REQUEST		login	1617301170756	1617301171598	OK	 
USER	Scenario Name	END	1617301171599
USER	Scenario Name	END	1617301171599
USER	Scenario Name	END	1617301171599
REQUEST		login	1617301170814	1617301171600	OK	 
USER	Scenario Name	END	1617301171601
REQUEST		login	1617301170810	1617301171604	OK	 
USER	Scenario Name	END	1617301171605
REQUEST		login	1617301170802	1617301171622	OK	 
USER	Scenario Name	END	1617301171623
REQUEST		login	1617301170793	1617301171627	OK	 
USER	Scenario Name	END	1617301171628
REQUEST		login	1617301170790	1617301171636	OK	 
USER	Scenario Name	END	1617301171637
REQUEST		login	1617301170780	1617301171642	OK	 
USER	Scenario Name	END	1617301171643
REQUEST		login	1617301170867	1617301171646	OK	 
REQUEST		login	1617301170869	1617301171646	OK	 
USER	Scenario Name	END	1617301171647
USER	Scenario Name	END	1617301171647
REQUEST		login	1617301170790	1617301171649	OK	 
USER	Scenario Name	END	1617301171650
REQUEST		login	1617301170791	1617301171650	OK	 
REQUEST		login	1617301170781	1617301171651	OK	 
USER	Scenario Name	END	1617301171652
USER	Scenario Name	END	1617301171652
REQUEST		login	1617301170841	1617301171667	OK	 
REQUEST		login	1617301170863	1617301171668	OK	 
USER	Scenario Name	END	1617301171669
USER	Scenario Name	END	1617301171670
REQUEST		login	1617301170862	1617301171670	OK	 
USER	Scenario Name	END	1617301171671
REQUEST		login	1617301170856	1617301171678	OK	 
USER	Scenario Name	END	1617301171679
REQUEST		login	1617301170906	1617301171683	OK	 
USER	Scenario Name	END	1617301171684
REQUEST		login	1617301170913	1617301171690	OK	 
USER	Scenario Name	END	1617301171691
REQUEST		login	1617301170890	1617301171697	OK	 
REQUEST		login	1617301170906	1617301171697	OK	 
USER	Scenario Name	END	1617301171698
USER	Scenario Name	END	1617301171698
REQUEST		login	1617301170899	1617301171699	OK	 
USER	Scenario Name	END	1617301171699
REQUEST		login	1617301170872	1617301171701	OK	 
USER	Scenario Name	END	1617301171702
REQUEST		login	1617301170892	1617301171717	OK	 
USER	Scenario Name	END	1617301171717
REQUEST		login	1617301170870	1617301171740	OK	 
USER	Scenario Name	END	1617301171741
REQUEST		login	1617301170867	1617301171743	OK	 
REQUEST		login	1617301170885	1617301171743	OK	 
REQUEST		login	1617301170946	1617301171743	OK	 
USER	Scenario Name	END	1617301171744
USER	Scenario Name	END	1617301171744
USER	Scenario Name	END	1617301171744
REQUEST		login	1617301170946	1617301171746	OK	 
USER	Scenario Name	END	1617301171746
REQUEST		login	1617301170924	1617301171748	OK	 
USER	Scenario Name	END	1617301171748
REQUEST		login	1617301170930	1617301171755	OK	 
USER	Scenario Name	END	1617301171757
REQUEST		login	1617301170867	1617301171758	OK	 
USER	Scenario Name	END	1617301171759
REQUEST		login	1617301170984	1617301171782	OK	 
USER	Scenario Name	END	1617301171784
REQUEST		login	1617301170959	1617301171784	OK	 
USER	Scenario Name	END	1617301171785
REQUEST		login	1617301170956	1617301171787	OK	 
USER	Scenario Name	END	1617301171789
REQUEST		login	1617301170944	1617301171791	OK	 
REQUEST		login	1617301170943	1617301171791	OK	 
USER	Scenario Name	END	1617301171792
USER	Scenario Name	END	1617301171792
REQUEST		login	1617301170944	1617301171792	OK	 
REQUEST		login	1617301170958	1617301171793	OK	 
REQUEST		login	1617301170966	1617301171793	OK	 
USER	Scenario Name	END	1617301171794
USER	Scenario Name	END	1617301171794
USER	Scenario Name	END	1617301171795
REQUEST		login	1617301170969	1617301171795	OK	 
USER	Scenario Name	END	1617301171796
REQUEST		login	1617301170961	1617301171797	OK	 
REQUEST		login	1617301170934	1617301171797	OK	 
USER	Scenario Name	END	1617301171798
USER	Scenario Name	END	1617301171798
REQUEST		login	1617301170922	1617301171803	OK	 
REQUEST		login	1617301170958	1617301171803	OK	 
USER	Scenario Name	END	1617301171804
USER	Scenario Name	END	1617301171804
REQUEST		login	1617301170987	1617301171817	OK	 
REQUEST		login	1617301170991	1617301171817	OK	 
USER	Scenario Name	END	1617301171819
USER	Scenario Name	END	1617301171819
REQUEST		login	1617301170990	1617301171820	OK	 
USER	Scenario Name	END	1617301171821
REQUEST		login	1617301171035	1617301171831	OK	 
USER	Scenario Name	END	1617301171832
REQUEST		login	1617301171012	1617301171839	OK	 
USER	Scenario Name	END	1617301171840
REQUEST		login	1617301171041	1617301171843	OK	 
USER	Scenario Name	END	1617301171844
REQUEST		login	1617301171035	1617301171846	OK	 
USER	Scenario Name	END	1617301171847
REQUEST		login	1617301171033	1617301171848	OK	 
USER	Scenario Name	END	1617301171848
